<?xml version="1.0" encoding="UTF-8"?>
<testsuite name="PermissionTest" tests="2" skipped="0" failures="0" errors="0" timestamp="2023-09-27T07:06:05" hostname="ORUJOVA" time="0.043">
  <properties/>
  <testcase name="testGetRoleName()" classname="PermissionTest" time="0.039"/>
  <testcase name="testSetPermissionLevel()" classname="PermissionTest" time="0.002"/>
  <system-out><![CDATA[]]></system-out>
  <system-err><![CDATA[]]></system-err>
</testsuite>
